<?xml version="1.0" encoding="UTF-8"?>
<testsuite xmlns:xsi="http://www.w3.org/2001/XMLSchema-instance" xsi:schemaLocation="https://maven.apache.org/surefire/maven-surefire-plugin/xsd/surefire-test-report.xsd" name="vn.amabay.features.register.WhenUseSerenitySession" time="11.614" tests="1" errors="0" skipped="0" failures="1">
  <properties>
[...]
</properties>
  <testcase name="sessionVariableCalledFromOther" classname="vn.amabay.features.register.WhenUseSerenitySession" time="9.019">
    <failure message="expected:&lt;[net.serenitybdd.core.Serenity$SessionVariableSetter@65db548]&gt; but was:&lt;[&quot;0984763622&quot;]&gt;" type="org.junit.ComparisonFailure"><![CDATA[org.junit.ComparisonFailure: expected:<[net.serenitybdd.core.Serenity$SessionVariableSetter@65db548]> but was:<["0984763622"]>
	at vn.amabay.features.register.WhenUseSerenitySession.sessionVariableCalledFromOther(WhenUseSerenitySession.java:37)
]]></failure>
    <system-err><![CDATA[[main] ERROR net.thucydides.core.steps.ConsoleLoggingListener - 
           __  _____ _____ ____ _____   _____ _    ___ _     _____ ____  
  _       / / |_   _| ____/ ___|_   _| |  ___/ \  |_ _| |   | ____|  _ \ 
 (_)_____| |    | | |  _| \___ \ | |   | |_ / _ \  | || |   |  _| | | | |
  _|_____| |    | | | |___ ___) || |   |  _/ ___ \ | || |___| |___| |_| |
 (_)     | |    |_| |_____|____/ |_|   |_|/_/   \_\___|_____|_____|____/ 
          \_\                                                            

TEST FAILED: Verify variable session1
--------------------------------------------------------------------------
[main] ERROR net.thucydides.core.steps.ConsoleLoggingListener - expected:<[net.serenitybdd.core.Serenity$SessionVariableSetter@6dece1f9]> but was:<["0984763622"]>
[main] INFO net.thucydides.core.steps.ConsoleLoggingListener - Test Suite Started: When use serenity session
[main] INFO net.thucydides.core.steps.ConsoleLoggingListener - 
 _____ _____ ____ _____   ____ _____  _    ____ _____ _____ ____  
|_   _| ____/ ___|_   _| / ___|_   _|/ \  |  _ \_   _| ____|  _ \ 
  | | |  _| \___ \ | |   \___ \ | | / _ \ | |_) || | |  _| | | | |
  | | | |___ ___) || |    ___) || |/ ___ \|  _ < | | | |___| |_| |
  |_| |_____|____/ |_|   |____/ |_/_/   \_\_| \_\|_| |_____|____/ 
                                                                  

TEST STARTED: sessionVariableCalledFromOther
-------------------------------------------------------------------
[main] INFO net.serenitybdd.core.Serenity - TEST NUMBER: 11
Sep 17, 2019 4:00:33 PM org.openqa.selenium.remote.DesiredCapabilities firefox
INFO: Using `new FirefoxOptions()` is preferred to `DesiredCapabilities.firefox()`
1568710834358	mozrunner::runner	INFO	Running command: "C:\\Program Files\\Mozilla Firefox\\firefox.exe" "-marionette" "-private" "-foreground" "-no-remote" "-profile" "C:\\Users\\hiennt26\\AppData\\Local\\Temp\\rust_mozprofile.UZZAjj3VSeFe"
1568710835181	addons.webextension.screenshots@mozilla.org	WARN	Loading extension 'screenshots@mozilla.org': Reading manifest: Invalid extension permission: mozillaAddons
1568710835181	addons.webextension.screenshots@mozilla.org	WARN	Loading extension 'screenshots@mozilla.org': Reading manifest: Invalid extension permission: telemetry
1568710835182	addons.webextension.screenshots@mozilla.org	WARN	Loading extension 'screenshots@mozilla.org': Reading manifest: Invalid extension permission: resource://pdf.js/
1568710835182	addons.webextension.screenshots@mozilla.org	WARN	Loading extension 'screenshots@mozilla.org': Reading manifest: Invalid extension permission: about:reader*
JavaScript error: resource://gre/modules/XULStore.jsm, line 66: Error: Can't find profile directory.
JavaScript error: chrome://browser/content/aboutPrivateBrowsing.js, line 8: ReferenceError: RPMIsWindowPrivate is not defined
1568710838693	Marionette	INFO	Listening on port 50084
1568710839213	Marionette	WARN	TLS certificate errors will be ignored for this session
Sep 17, 2019 4:00:39 PM org.openqa.selenium.remote.ProtocolHandshake createSession
INFO: Detected dialect: W3C
JavaScript warning: https://www.amabuy.vn/assets/41e7d8f1/js/jquery-1.9.1.min.js, line 2: Using //@ to indicate sourceMappingURL pragmas is deprecated. Use //# instead
]]></system-err>
  </testcase>
</testsuite>