-------------------------------------------------------------------------------
Test set: vn.amabay.features.register.WhenUseSerenitySession
-------------------------------------------------------------------------------
Tests run: 1, Failures: 1, Errors: 0, Skipped: 0, Time elapsed: 11.614 sec <<< FAILURE! - in vn.amabay.features.register.WhenUseSerenitySession
sessionVariableCalledFromOther(vn.amabay.features.register.WhenUseSerenitySession)  Time elapsed: 9.019 sec  <<< FAILURE!
org.junit.ComparisonFailure: expected:<[net.serenitybdd.core.Serenity$SessionVariableSetter@65db548]> but was:<["0984763622"]>
	at vn.amabay.features.register.WhenUseSerenitySession.sessionVariableCalledFromOther(WhenUseSerenitySession.java:37)

