<?xml version="1.0" encoding="UTF-8"?><testsuite errors="0" failures="1" name="vn.amabay.features.register.WhenRegisterNewAccount" skipped="0" tests="1" time="0.0" timestamp="2019-08-23 11:15:50"><testcase classname="vn.amabay.features.register.WhenRegisterNewAccount" name="Initialisation"><failure message="The page object class vn.amabay.pages.HomePage looks dodgy:&#10;Failed to instantiate page (java.lang.RuntimeException: Could not instantiate the custom webdriver provider of type vn.amabuy.customedriver.MyCustomeDriver)" type="net.thucydides.core.pages.WrongPageError">The page object class vn.amabay.pages.HomePage looks dodgy:
Failed to instantiate page (java.lang.RuntimeException: Could not instantiate the custom webdriver provider of type vn.amabuy.customedriver.MyCustomeDriver)</failure><system-err>The page object class vn.amabay.pages.HomePage looks dodgy:
Failed to instantiate page (java.lang.RuntimeException: Could not instantiate the custom webdriver provider of type vn.amabuy.customedriver.MyCustomeDriver)&#13;
</system-err></testcase></testsuite>