<?xml version="1.0" encoding="UTF-8"?><testsuite errors="0" failures="1" name="vn.amabay.features.register.WhenUseSerenitySession" skipped="0" tests="1" time="9.06" timestamp="2019-09-17 04:00:33"><testcase classname="vn.amabay.features.register.WhenUseSerenitySession" name="Session variable called from other"><failure message="expected:&lt;[net.serenitybdd.core.Serenity$SessionVariableSetter@65db548]&gt; but was:&lt;[&quot;0984763622&quot;]&gt;" type="org.junit.ComparisonFailure">expected:&lt;[net.serenitybdd.core.Serenity$SessionVariableSetter@65db548]&gt; but was:&lt;["0984763622"]&gt;</failure><system-err>expected:&lt;[net.serenitybdd.core.Serenity$SessionVariableSetter@65db548]&gt; but was:&lt;["0984763622"]&gt;&#13;
vn.amabay.features.register.WhenUseSerenitySession.sessionVariableCalledFromOther(WhenUseSerenitySession.java:37)&#13;
</system-err></testcase></testsuite>