<?xml version="1.0" encoding="UTF-8"?><testsuite errors="0" failures="3" name="vn.amabay.features.register.WhenRegisterNewAccount" skipped="1" tests="4" time="13.55" timestamp="2019-09-17 04:00:17"><testcase classname="vn.amabay.features.register.WhenRegisterNewAccount" name="Verify variable session"><failure message="expected:&lt;[net.serenitybdd.core.Serenity$SessionVariableSetter@10980560]&gt; but was:&lt;[&quot;abcd@gmail.com&quot;]&gt;" type="org.junit.ComparisonFailure">expected:&lt;[net.serenitybdd.core.Serenity$SessionVariableSetter@10980560]&gt; but was:&lt;["abcd@gmail.com"]&gt;</failure><system-err>expected:&lt;[net.serenitybdd.core.Serenity$SessionVariableSetter@10980560]&gt; but was:&lt;["abcd@gmail.com"]&gt;&#13;
vn.amabay.features.register.WhenRegisterNewAccount.verify_variable_session(WhenRegisterNewAccount.java:72)&#13;
</system-err></testcase><testcase classname="vn.amabay.features.register.WhenRegisterNewAccount" name="Launch web application"><failure message="expected:&lt;[net.serenitybdd.core.Serenity$SessionVariableSetter@36b53f08]&gt; but was:&lt;[&quot;0984763622&quot;]&gt;" type="org.junit.ComparisonFailure">expected:&lt;[net.serenitybdd.core.Serenity$SessionVariableSetter@36b53f08]&gt; but was:&lt;["0984763622"]&gt;</failure><system-err>expected:&lt;[net.serenitybdd.core.Serenity$SessionVariableSetter@36b53f08]&gt; but was:&lt;["0984763622"]&gt;&#13;
vn.amabay.features.register.WhenRegisterNewAccount.launch_web_application(WhenRegisterNewAccount.java:58)&#13;
</system-err></testcase><testcase classname="vn.amabay.features.register.WhenRegisterNewAccount" name="Verify shared steps"><skipped/></testcase><testcase classname="vn.amabay.features.register.WhenRegisterNewAccount" name="Verify variable session1"><failure message="expected:&lt;[net.serenitybdd.core.Serenity$SessionVariableSetter@6dece1f9]&gt; but was:&lt;[&quot;0984763622&quot;]&gt;" type="org.junit.ComparisonFailure">expected:&lt;[net.serenitybdd.core.Serenity$SessionVariableSetter@6dece1f9]&gt; but was:&lt;["0984763622"]&gt;</failure><system-err>expected:&lt;[net.serenitybdd.core.Serenity$SessionVariableSetter@6dece1f9]&gt; but was:&lt;["0984763622"]&gt;&#13;
vn.amabay.features.register.WhenRegisterNewAccount.verify_variable_session1(WhenRegisterNewAccount.java:66)&#13;
</system-err></testcase></testsuite>